1603469877681	geckodriver	INFO	Listening on 127.0.0.1:64350
1603469880708	mozrunner::runner	INFO	Running command: "C:\\Program Files\\Mozilla Firefox\\firefox.exe" "--marionette" "-foreground" "-no-remote" "-profile" "C:\\Users\\Majster\\AppData\\Local\\Temp\\rust_mozprofileFTJge4"
1603469929813	geckodriver	INFO	Listening on 127.0.0.1:64391
1603469932875	mozrunner::runner	INFO	Running command: "C:\\Program Files\\Mozilla Firefox\\firefox.exe" "--marionette" "-foreground" "-no-remote" "-profile" "C:\\Users\\Majster\\AppData\\Local\\Temp\\rust_mozprofileo1OP5i"
Can't find symbol 'eglSwapBuffersWithDamageEXT'.
JavaScript error: resource://gre/modules/XULStore.jsm, line 66: Error: Can't find profile directory.
console.warn: SearchSettings: "get: No settings file exists, new profile?" (new Error("", "(unknown module)"))
1603469940193	Marionette	INFO	Listening on port 64399
1603469940441	Marionette	WARN	TLS certificate errors will be ignored for this session
1603469946023	Marionette	INFO	Stopped listening on port 64399

###!!! [Child][RunMessage] Error: Channel closing: too late to send/recv, messages will be lost


###!!! [Child][MessageChannel::SendAndWait] Error: Channel error: cannot send/recv

1603469954768	geckodriver	INFO	Listening on 127.0.0.1:64463
1603469957802	mozrunner::runner	INFO	Running command: "C:\\Program Files\\Mozilla Firefox\\firefox.exe" "--marionette" "-foreground" "-no-remote" "-profile" "C:\\Users\\Majster\\AppData\\Local\\Temp\\rust_mozprofileHoDFBq"
Can't find symbol 'eglSwapBuffersWithDamageEXT'.
JavaScript error: resource://gre/modules/XULStore.jsm, line 66: Error: Can't find profile directory.
console.warn: SearchSettings: "get: No settings file exists, new profile?" (new Error("", "(unknown module)"))
1603469964933	Marionette	INFO	Listening on port 64471
1603469965216	Marionette	WARN	TLS certificate errors will be ignored for this session
1603469970351	Marionette	INFO	Stopped listening on port 64471

###!!! [Child][RunMessage] Error: Channel closing: too late to send/recv, messages will be lost


###!!! [Child][MessageChannel::SendAndWait] Error: Channel error: cannot send/recv

1603470172690	geckodriver	INFO	Listening on 127.0.0.1:64544
1603470175723	mozrunner::runner	INFO	Running command: "C:\\Program Files\\Mozilla Firefox\\firefox.exe" "--marionette" "-foreground" "-no-remote" "-profile" "C:\\Users\\Majster\\AppData\\Local\\Temp\\rust_mozprofilemcdKaN"
Can't find symbol 'eglSwapBuffersWithDamageEXT'.
JavaScript error: resource://gre/modules/XULStore.jsm, line 66: Error: Can't find profile directory.
console.warn: SearchSettings: "get: No settings file exists, new profile?" (new Error("", "(unknown module)"))
1603470183410	Marionette	INFO	Listening on port 64553
1603470183759	Marionette	WARN	TLS certificate errors will be ignored for this session

###!!! [Parent][RunMessage] Error: Channel error: cannot send/recv

Can't find symbol 'eglSwapBuffersWithDamageEXT'.
1603470210302	Marionette	INFO	Stopped listening on port 64553
JavaScript error: , line 0: uncaught exception: undefined

###!!! [Child][MessageChannel::SendAndWait] Error: Channel error: cannot send/recv

1603470819166	geckodriver	INFO	Listening on 127.0.0.1:64943
1603470822225	mozrunner::runner	INFO	Running command: "C:\\Program Files\\Mozilla Firefox\\firefox.exe" "--marionette" "-foreground" "-no-remote" "-profile" "C:\\Users\\Majster\\AppData\\Local\\Temp\\rust_mozprofile1gzqrj"
Can't find symbol 'eglSwapBuffersWithDamageEXT'.
JavaScript error: resource://gre/modules/XULStore.jsm, line 66: Error: Can't find profile directory.
console.warn: SearchSettings: "get: No settings file exists, new profile?" (new Error("", "(unknown module)"))
1603470832348	Marionette	INFO	Listening on port 64951
1603470832864	Marionette	WARN	TLS certificate errors will be ignored for this session
1603470843221	Marionette	INFO	Stopped listening on port 64951

###!!! [Child][RunMessage] Error: Channel closing: too late to send/recv, messages will be lost


###!!! [Child][MessageChannel::SendAndWait] Error: Channel error: cannot send/recv

1603470878852	geckodriver	INFO	Listening on 127.0.0.1:65024
1603470881904	mozrunner::runner	INFO	Running command: "C:\\Program Files\\Mozilla Firefox\\firefox.exe" "--marionette" "-foreground" "-no-remote" "-profile" "C:\\Users\\Majster\\AppData\\Local\\Temp\\rust_mozprofileADj25r"
Can't find symbol 'eglSwapBuffersWithDamageEXT'.
JavaScript error: resource://gre/modules/XULStore.jsm, line 66: Error: Can't find profile directory.
console.warn: SearchSettings: "get: No settings file exists, new profile?" (new Error("", "(unknown module)"))
1603470889442	Marionette	INFO	Listening on port 65032
1603470889776	Marionette	WARN	TLS certificate errors will be ignored for this session
1603470895661	Marionette	INFO	Stopped listening on port 65032
JavaScript error: resource://gre/modules/Sqlite.jsm, line 1031: Error: Sqlite.jsm has been shutdown. Cannot open connection to: C:\Users\Majster\AppData\Local\Temp\rust_mozprofileADj25r\protections.sqlite

###!!! [Child][RunMessage] Error: Channel closing: too late to send/recv, messages will be lost


###!!! [Child][RunMessage] Error: Channel closing: too late to send/recv, messages will be lost


###!!! [Child][MessageChannel] Error: (msgtype=0x380144,name=PContent::Msg_ScriptError) Channel closing: too late to send/recv, messages will be lost


###!!! [Child][RunMessage] Error: Channel closing: too late to send/recv, messages will be lost


###!!! [Child][RunMessage] Error: Channel closing: too late to send/recv, messages will be lost


###!!! [Child][RunMessage] Error: Channel closing: too late to send/recv, messages will be lost


###!!! [Child][RunMessage] Error: Channel closing: too late to send/recv, messages will be lost


###!!! [Child][RunMessage] Error: Channel closing: too late to send/recv, messages will be lost


###!!! [Child][RunMessage] Error: Channel closing: too late to send/recv, messages will be lost


###!!! [Child][RunMessage] Error: Channel closing: too late to send/recv, messages will be lost


###!!! [Child][MessageChannel::SendAndWait] Error: Channel error: cannot send/recv

1603471191023	geckodriver	INFO	Listening on 127.0.0.1:65111
1603471194066	mozrunner::runner	INFO	Running command: "C:\\Program Files\\Mozilla Firefox\\firefox.exe" "--marionette" "-foreground" "-no-remote" "-profile" "C:\\Users\\Majster\\AppData\\Local\\Temp\\rust_mozprofileiG3Iem"
Can't find symbol 'eglSwapBuffersWithDamageEXT'.
JavaScript error: resource://gre/modules/XULStore.jsm, line 66: Error: Can't find profile directory.
console.warn: SearchSettings: "get: No settings file exists, new profile?" (new Error("", "(unknown module)"))
1603471200717	Marionette	INFO	Listening on port 65119
1603471201203	Marionette	WARN	TLS certificate errors will be ignored for this session
1603471206394	Marionette	INFO	Stopped listening on port 65119

###!!! [Child][RunMessage] Error: Channel closing: too late to send/recv, messages will be lost


###!!! [Child][MessageChannel::SendAndWait] Error: Channel error: cannot send/recv

1603471212286	geckodriver	INFO	Listening on 127.0.0.1:65188
1603471215340	mozrunner::runner	INFO	Running command: "C:\\Program Files\\Mozilla Firefox\\firefox.exe" "--marionette" "-foreground" "-no-remote" "-profile" "C:\\Users\\Majster\\AppData\\Local\\Temp\\rust_mozprofileM9E4l7"
Can't find symbol 'eglSwapBuffersWithDamageEXT'.
JavaScript error: resource://gre/modules/XULStore.jsm, line 66: Error: Can't find profile directory.
console.warn: SearchSettings: "get: No settings file exists, new profile?" (new Error("", "(unknown module)"))
1603471221917	Marionette	INFO	Listening on port 65196
1603471222359	Marionette	WARN	TLS certificate errors will be ignored for this session
1603471227358	Marionette	INFO	Stopped listening on port 65196

###!!! [Child][RunMessage] Error: Channel closing: too late to send/recv, messages will be lost


###!!! [Child][MessageChannel::SendAndWait] Error: Channel error: cannot send/recv

1603471241507	geckodriver	INFO	Listening on 127.0.0.1:65265
1603471244567	mozrunner::runner	INFO	Running command: "C:\\Program Files\\Mozilla Firefox\\firefox.exe" "--marionette" "-foreground" "-no-remote" "-profile" "C:\\Users\\Majster\\AppData\\Local\\Temp\\rust_mozprofilefM1hho"
Can't find symbol 'eglSwapBuffersWithDamageEXT'.
JavaScript error: resource://gre/modules/XULStore.jsm, line 66: Error: Can't find profile directory.
console.warn: SearchSettings: "get: No settings file exists, new profile?" (new Error("", "(unknown module)"))
1603471255771	Marionette	INFO	Listening on port 65273
1603471255849	Marionette	WARN	TLS certificate errors will be ignored for this session
[Child 28568, Chrome_ChildThread] WARNING: pipe error: 232: file /builds/worker/checkouts/gecko/ipc/chromium/src/chrome/common/ipc_channel_win.cc, line 545
Can't find symbol 'eglSwapBuffersWithDamageEXT'.
1603471263331	Marionette	INFO	Stopped listening on port 65273
JavaScript error: resource://gre/modules/Sqlite.jsm, line 1031: Error: Sqlite.jsm has been shutdown. Cannot open connection to: C:\Users\Majster\AppData\Local\Temp\rust_mozprofilefM1hho\protections.sqlite

###!!! [Child][RunMessage] Error: Channel closing: too late to send/recv, messages will be lost


###!!! [Child][MessageChannel::SendAndWait] Error: Channel error: cannot send/recv

1603471397082	geckodriver	INFO	Listening on 127.0.0.1:65402
1603471400128	mozrunner::runner	INFO	Running command: "C:\\Program Files\\Mozilla Firefox\\firefox.exe" "--marionette" "-foreground" "-no-remote" "-profile" "C:\\Users\\Majster\\AppData\\Local\\Temp\\rust_mozprofileR1xL02"
Can't find symbol 'eglSwapBuffersWithDamageEXT'.
JavaScript error: resource://gre/modules/XULStore.jsm, line 66: Error: Can't find profile directory.
console.warn: SearchSettings: "get: No settings file exists, new profile?" (new Error("", "(unknown module)"))
1603471408690	Marionette	INFO	Listening on port 65411
1603471409188	Marionette	WARN	TLS certificate errors will be ignored for this session
Can't find symbol 'eglSwapBuffersWithDamageEXT'.
1603471416210	Marionette	INFO	Stopped listening on port 65411
JavaScript error: resource://gre/modules/Sqlite.jsm, line 1031: Error: Sqlite.jsm has been shutdown. Cannot open connection to: C:\Users\Majster\AppData\Local\Temp\rust_mozprofileR1xL02\protections.sqlite

###!!! [Child][RunMessage] Error: Channel closing: too late to send/recv, messages will be lost


###!!! [Child][MessageChannel::SendAndWait] Error: Channel error: cannot send/recv

1603471668821	geckodriver	INFO	Listening on 127.0.0.1:49275
1603471671872	mozrunner::runner	INFO	Running command: "C:\\Program Files\\Mozilla Firefox\\firefox.exe" "--marionette" "-foreground" "-no-remote" "-profile" "C:\\Users\\Majster\\AppData\\Local\\Temp\\rust_mozprofileMlFjk7"
Can't find symbol 'eglSwapBuffersWithDamageEXT'.
JavaScript error: resource://gre/modules/XULStore.jsm, line 66: Error: Can't find profile directory.
console.warn: SearchSettings: "get: No settings file exists, new profile?" (new Error("", "(unknown module)"))
1603471682985	Marionette	INFO	Listening on port 49284
1603471683529	Marionette	WARN	TLS certificate errors will be ignored for this session
Can't find symbol 'eglSwapBuffersWithDamageEXT'.
1603471694388	Marionette	WARN	TimedPromise timed out after 500 ms: stacktrace:
TimedPromise/<@chrome://marionette/content/sync.js:228:19
TimedPromise@chrome://marionette/content/sync.js:213:10
interaction.flushEventLoop@chrome://marionette/content/interaction.js:418:10
webdriverClickElement@chrome://marionette/content/interaction.js:179:31
1603471702864	Marionette	INFO	Stopped listening on port 49284

###!!! [Child][MessageChannel::SendAndWait] Error: Channel error: cannot send/recv

1603471729792	geckodriver	INFO	Listening on 127.0.0.1:49398
1603471732841	mozrunner::runner	INFO	Running command: "C:\\Program Files\\Mozilla Firefox\\firefox.exe" "--marionette" "-foreground" "-no-remote" "-profile" "C:\\Users\\Majster\\AppData\\Local\\Temp\\rust_mozprofilerjDO8T"
Can't find symbol 'eglSwapBuffersWithDamageEXT'.
JavaScript error: resource://gre/modules/XULStore.jsm, line 66: Error: Can't find profile directory.
console.warn: SearchSettings: "get: No settings file exists, new profile?" (new Error("", "(unknown module)"))
1603471741936	Marionette	INFO	Listening on port 49407
1603471742488	Marionette	WARN	TLS certificate errors will be ignored for this session
Can't find symbol 'eglSwapBuffersWithDamageEXT'.
1603471752305	Marionette	WARN	TimedPromise timed out after 500 ms: stacktrace:
TimedPromise/<@chrome://marionette/content/sync.js:228:19
TimedPromise@chrome://marionette/content/sync.js:213:10
interaction.flushEventLoop@chrome://marionette/content/interaction.js:418:10
webdriverClickElement@chrome://marionette/content/interaction.js:179:31
[Child 35788, Chrome_ChildThread] WARNING: pipe error: 232: file /builds/worker/checkouts/gecko/ipc/chromium/src/chrome/common/ipc_channel_win.cc, line 545
1603471907622	Marionette	INFO	Stopped listening on port 49407

###!!! [Child][RunMessage] Error: Channel closing: too late to send/recv, messages will be lost


###!!! [Child][MessageChannel::SendAndWait] Error: Channel error: cannot send/recv

1603471965902	geckodriver	INFO	Listening on 127.0.0.1:49620
1603471968960	mozrunner::runner	INFO	Running command: "C:\\Program Files\\Mozilla Firefox\\firefox.exe" "--marionette" "-foreground" "-no-remote" "-profile" "C:\\Users\\Majster\\AppData\\Local\\Temp\\rust_mozprofilelCmsPZ"
Can't find symbol 'eglSwapBuffersWithDamageEXT'.
JavaScript error: resource://gre/modules/XULStore.jsm, line 66: Error: Can't find profile directory.
console.warn: SearchSettings: "get: No settings file exists, new profile?" (new Error("", "(unknown module)"))
1603471978285	Marionette	INFO	Listening on port 49629
1603471978444	Marionette	WARN	TLS certificate errors will be ignored for this session
1603471987367	Marionette	WARN	TimedPromise timed out after 500 ms: stacktrace:
TimedPromise/<@chrome://marionette/content/sync.js:228:19
TimedPromise@chrome://marionette/content/sync.js:213:10
interaction.flushEventLoop@chrome://marionette/content/interaction.js:418:10
webdriverClickElement@chrome://marionette/content/interaction.js:179:31
Can't find symbol 'eglSwapBuffersWithDamageEXT'.
1603471996141	Marionette	INFO	Stopped listening on port 49629

###!!! [Child][RunMessage] Error: Channel closing: too late to send/recv, messages will be lost


###!!! [Child][MessageChannel::SendAndWait] Error: Channel error: cannot send/recv

1603472034391	geckodriver	INFO	Listening on 127.0.0.1:49757
1603472037385	mozrunner::runner	INFO	Running command: "C:\\Program Files\\Mozilla Firefox\\firefox.exe" "--marionette" "-foreground" "-no-remote" "-profile" "C:\\Users\\Majster\\AppData\\Local\\Temp\\rust_mozprofilezFkLNE"
Can't find symbol 'eglSwapBuffersWithDamageEXT'.
JavaScript error: resource://gre/modules/XULStore.jsm, line 66: Error: Can't find profile directory.
console.warn: SearchSettings: "get: No settings file exists, new profile?" (new Error("", "(unknown module)"))
1603472045821	Marionette	INFO	Listening on port 49766
1603472046250	Marionette	WARN	TLS certificate errors will be ignored for this session
Can't find symbol 'eglSwapBuffersWithDamageEXT'.
1603472054907	Marionette	WARN	TimedPromise timed out after 500 ms: stacktrace:
TimedPromise/<@chrome://marionette/content/sync.js:228:19
TimedPromise@chrome://marionette/content/sync.js:213:10
interaction.flushEventLoop@chrome://marionette/content/interaction.js:418:10
webdriverClickElement@chrome://marionette/content/interaction.js:179:31
1603472057645	Marionette	INFO	Stopped listening on port 49766

###!!! [Child][RunMessage] Error: Channel closing: too late to send/recv, messages will be lost


###!!! [Child][MessageChannel::SendAndWait] Error: Channel error: cannot send/recv

1603472079801	geckodriver	INFO	Listening on 127.0.0.1:49872
1603472082861	mozrunner::runner	INFO	Running command: "C:\\Program Files\\Mozilla Firefox\\firefox.exe" "--marionette" "-foreground" "-no-remote" "-profile" "C:\\Users\\Majster\\AppData\\Local\\Temp\\rust_mozprofilekoUERX"
Can't find symbol 'eglSwapBuffersWithDamageEXT'.
JavaScript error: resource://gre/modules/XULStore.jsm, line 66: Error: Can't find profile directory.
console.warn: SearchSettings: "get: No settings file exists, new profile?" (new Error("", "(unknown module)"))
1603472091471	Marionette	INFO	Listening on port 49882
1603472091645	Marionette	WARN	TLS certificate errors will be ignored for this session
Can't find symbol 'eglSwapBuffersWithDamageEXT'.
1603472100787	Marionette	WARN	TimedPromise timed out after 500 ms: stacktrace:
TimedPromise/<@chrome://marionette/content/sync.js:228:19
TimedPromise@chrome://marionette/content/sync.js:213:10
interaction.flushEventLoop@chrome://marionette/content/interaction.js:418:10
webdriverClickElement@chrome://marionette/content/interaction.js:179:31
1603472103222	Marionette	INFO	Stopped listening on port 49882

###!!! [Child][RunMessage] Error: Channel closing: too late to send/recv, messages will be lost


###!!! [Child][RunMessage] Error: Channel closing: too late to send/recv, messages will be lost


###!!! [Child][RunMessage] Error: Channel closing: too late to send/recv, messages will be lost


###!!! [Child][RunMessage] Error: Channel closing: too late to send/recv, messages will be lost


###!!! [Child][MessageChannel::SendAndWait] Error: Channel error: cannot send/recv

1603473119778	geckodriver	INFO	Listening on 127.0.0.1:50517
1603473122882	mozrunner::runner	INFO	Running command: "C:\\Program Files\\Mozilla Firefox\\firefox.exe" "--marionette" "-foreground" "-no-remote" "-profile" "C:\\Users\\Majster\\AppData\\Local\\Temp\\rust_mozprofilehi0GVW"
Can't find symbol 'eglSwapBuffersWithDamageEXT'.
JavaScript error: resource://gre/modules/XULStore.jsm, line 66: Error: Can't find profile directory.
console.warn: SearchSettings: "get: No settings file exists, new profile?" (new Error("", "(unknown module)"))
1603473133776	Marionette	INFO	Listening on port 50526
1603473134041	Marionette	WARN	TLS certificate errors will be ignored for this session
Can't find symbol 'eglSwapBuffersWithDamageEXT'.
1603473145122	Marionette	WARN	TimedPromise timed out after 500 ms: stacktrace:
TimedPromise/<@chrome://marionette/content/sync.js:228:19
TimedPromise@chrome://marionette/content/sync.js:213:10
interaction.flushEventLoop@chrome://marionette/content/interaction.js:418:10
webdriverClickElement@chrome://marionette/content/interaction.js:179:31
1603473147561	Marionette	INFO	Stopped listening on port 50526

###!!! [Child][RunMessage] Error: Channel closing: too late to send/recv, messages will be lost


###!!! [Child][MessageChannel::SendAndWait] Error: Channel error: cannot send/recv

1603473445818	geckodriver	INFO	Listening on 127.0.0.1:50770
1603473448876	mozrunner::runner	INFO	Running command: "C:\\Program Files\\Mozilla Firefox\\firefox.exe" "--marionette" "-foreground" "-no-remote" "-profile" "C:\\Users\\Majster\\AppData\\Local\\Temp\\rust_mozprofilelObP83"
Can't find symbol 'eglSwapBuffersWithDamageEXT'.
JavaScript error: resource://gre/modules/XULStore.jsm, line 66: Error: Can't find profile directory.
console.warn: SearchSettings: "get: No settings file exists, new profile?" (new Error("", "(unknown module)"))
1603473458533	Marionette	INFO	Listening on port 50779
1603473460256	Marionette	INFO	Stopped listening on port 50779

###!!! [Child][MessageChannel::SendAndWait] Error: Channel error: cannot send/recv

1603473478846	geckodriver	INFO	Listening on 127.0.0.1:50832
1603473481882	mozrunner::runner	INFO	Running command: "C:\\Program Files\\Mozilla Firefox\\firefox.exe" "--marionette" "-foreground" "-no-remote" "-profile" "C:\\Users\\Majster\\AppData\\Local\\Temp\\rust_mozprofileJvIV9Q"
Can't find symbol 'eglSwapBuffersWithDamageEXT'.
JavaScript error: resource://gre/modules/XULStore.jsm, line 66: Error: Can't find profile directory.
console.warn: SearchSettings: "get: No settings file exists, new profile?" (new Error("", "(unknown module)"))
1603473490355	Marionette	INFO	Listening on port 50841
1603473490560	Marionette	WARN	TLS certificate errors will be ignored for this session
1603473518574	Marionette	INFO	Stopped listening on port 50841

###!!! [Child][RunMessage] Error: Channel closing: too late to send/recv, messages will be lost


###!!! [Child][MessageChannel::SendAndWait] Error: Channel error: cannot send/recv

1603474358633	geckodriver	INFO	Listening on 127.0.0.1:53669
1603474361682	mozrunner::runner	INFO	Running command: "C:\\Program Files\\Mozilla Firefox\\firefox.exe" "--marionette" "-foreground" "-no-remote" "-profile" "C:\\Users\\Majster\\AppData\\Local\\Temp\\rust_mozprofileof6PIF"
Can't find symbol 'eglSwapBuffersWithDamageEXT'.
JavaScript error: resource://gre/modules/XULStore.jsm, line 66: Error: Can't find profile directory.
console.warn: SearchSettings: "get: No settings file exists, new profile?" (new Error("", "(unknown module)"))
1603474367370	Marionette	INFO	Listening on port 53677
1603474367550	Marionette	WARN	TLS certificate errors will be ignored for this session
JavaScript warning: https://community.microfocus.com/html/@5223F1B3934887EFF20EE5819CFF3770/assets/jquery-1.10.2.min.js, line 2: Using //@ to indicate sourceMappingURL pragmas is deprecated. Use //# instead

###!!! [Child][RunMessage] Error: Channel closing: too late to send/recv, messages will be lost

1603474470490	Marionette	INFO	Stopped listening on port 53677

###!!! [Child][RunMessage] Error: Channel closing: too late to send/recv, messages will be lost


###!!! [Child][MessageChannel::SendAndWait] Error: Channel error: cannot send/recv

1603474591357	geckodriver	INFO	Listening on 127.0.0.1:53886
1603474594380	mozrunner::runner	INFO	Running command: "C:\\Program Files\\Mozilla Firefox\\firefox.exe" "--marionette" "-foreground" "-no-remote" "-profile" "C:\\Users\\Majster\\AppData\\Local\\Temp\\rust_mozprofile04Wggr"
Can't find symbol 'eglSwapBuffersWithDamageEXT'.
JavaScript error: resource://gre/modules/XULStore.jsm, line 66: Error: Can't find profile directory.
console.warn: SearchSettings: "get: No settings file exists, new profile?" (new Error("", "(unknown module)"))
1603474602745	Marionette	INFO	Listening on port 53907
1603474602885	Marionette	WARN	TLS certificate errors will be ignored for this session
JavaScript error: https://www.googletagmanager.com/gtm.js?id=GTM-WZGWLQ, line 3114: uncaught exception: [object Object]
JavaScript error: https://www.sport.pl/sport-hp/0,0.html/ line 3325 > injectedScript, line 1: ReferenceError: dfpParams is not defined
JavaScript error: https://www.googletagmanager.com/gtm.js?id=GTM-WZGWLQ, line 3114: uncaught exception: [object Object]
JavaScript error: https://www.googletagmanager.com/gtm.js?id=GTM-WZGWLQ, line 3114: uncaught exception: [object Object]
JavaScript error: resource://gre/actors/PictureInPictureChild.jsm, line 150: InvalidStateError: An attempt was made to use an object that is not, or is no longer, usable
JavaScript error: resource://gre/actors/PictureInPictureChild.jsm, line 150: InvalidStateError: An attempt was made to use an object that is not, or is no longer, usable
1603474615903	Marionette	INFO	Stopped listening on port 53907

###!!! [Child][MessageChannel::SendAndWait] Error: Channel error: cannot send/recv

1603474669380	geckodriver	INFO	Listening on 127.0.0.1:54167
1603474672402	mozrunner::runner	INFO	Running command: "C:\\Program Files\\Mozilla Firefox\\firefox.exe" "--marionette" "-foreground" "-no-remote" "-profile" "C:\\Users\\Majster\\AppData\\Local\\Temp\\rust_mozprofileHT4pzY"
Can't find symbol 'eglSwapBuffersWithDamageEXT'.
JavaScript error: resource://gre/modules/XULStore.jsm, line 66: Error: Can't find profile directory.
console.warn: SearchSettings: "get: No settings file exists, new profile?" (new Error("", "(unknown module)"))
1603474678196	Marionette	INFO	Listening on port 54176
1603474678273	Marionette	WARN	TLS certificate errors will be ignored for this session
[Child 22052, Chrome_ChildThread] WARNING: pipe error: 232: file /builds/worker/checkouts/gecko/ipc/chromium/src/chrome/common/ipc_channel_win.cc, line 545
1603474697986	Marionette	INFO	Stopped listening on port 54176

###!!! [Child][RunMessage] Error: Channel closing: too late to send/recv, messages will be lost


###!!! [Child][MessageChannel::SendAndWait] Error: Channel error: cannot send/recv

1603476959860	geckodriver	INFO	Listening on 127.0.0.1:54516
1603476962874	mozrunner::runner	INFO	Running command: "C:\\Program Files\\Mozilla Firefox\\firefox.exe" "--marionette" "-foreground" "-no-remote" "-profile" "C:\\Users\\Majster\\AppData\\Local\\Temp\\rust_mozprofileepwVuT"
Can't find symbol 'eglSwapBuffersWithDamageEXT'.
JavaScript error: resource://gre/modules/XULStore.jsm, line 66: Error: Can't find profile directory.
console.warn: SearchSettings: "get: No settings file exists, new profile?" (new Error("", "(unknown module)"))
1603476968806	Marionette	INFO	Listening on port 54524
1603476969283	Marionette	WARN	TLS certificate errors will be ignored for this session
Marionette threw an error: TypeError: URL constructor: undefined is not a valid URL.
GeckoDriver.prototype._getCurrentURL@chrome://marionette/content/driver.js:324:10
observe@resource://gre/modules/AsyncShutdown.jsm:554:16

JavaScript error: resource://gre/modules/Sqlite.jsm, line 1031: Error: Sqlite.jsm has been shutdown. Cannot open connection to: C:\Users\Majster\AppData\Local\Temp\rust_mozprofileepwVuT\protections.sqlite
1603476974146	Marionette	INFO	Stopped listening on port 54524

###!!! [Child][RunMessage] Error: Channel closing: too late to send/recv, messages will be lost


###!!! [Child][MessageChannel::SendAndWait] Error: Channel error: cannot send/recv

1603476988584	geckodriver	INFO	Listening on 127.0.0.1:54573
1603476991607	mozrunner::runner	INFO	Running command: "C:\\Program Files\\Mozilla Firefox\\firefox.exe" "--marionette" "-foreground" "-no-remote" "-profile" "C:\\Users\\Majster\\AppData\\Local\\Temp\\rust_mozprofile8MHg0V"
Can't find symbol 'eglSwapBuffersWithDamageEXT'.
JavaScript error: resource://gre/modules/XULStore.jsm, line 66: Error: Can't find profile directory.
console.warn: SearchSettings: "get: No settings file exists, new profile?" (new Error("", "(unknown module)"))
1603476997213	Marionette	INFO	Listening on port 54581
1603476997485	Marionette	WARN	TLS certificate errors will be ignored for this session
console.warn: LoginRecipes: "getRecipes: falling back to a synchronous message for:" "https://www.nocowanie.pl"
1603477058943	Marionette	INFO	Stopped listening on port 54581

###!!! [Child][RunMessage] Error: Channel closing: too late to send/recv, messages will be lost


###!!! [Child][MessageChannel::SendAndWait] Error: Channel error: cannot send/recv

1603477724776	geckodriver	INFO	Listening on 127.0.0.1:54737
1603477727796	mozrunner::runner	INFO	Running command: "C:\\Program Files\\Mozilla Firefox\\firefox.exe" "--marionette" "-foreground" "-no-remote" "-profile" "C:\\Users\\Majster\\AppData\\Local\\Temp\\rust_mozprofile2EXlr2"
Can't find symbol 'eglSwapBuffersWithDamageEXT'.
JavaScript error: resource://gre/modules/XULStore.jsm, line 66: Error: Can't find profile directory.
console.warn: SearchSettings: "get: No settings file exists, new profile?" (new Error("", "(unknown module)"))
1603477733689	Marionette	INFO	Listening on port 54745
1603477734165	Marionette	WARN	TLS certificate errors will be ignored for this session
[Child 14976, Chrome_ChildThread] WARNING: pipe error: 232: file /builds/worker/checkouts/gecko/ipc/chromium/src/chrome/common/ipc_channel_win.cc, line 545
[Child 14976, Chrome_ChildThread] WARNING: pipe error: 232: file /builds/worker/checkouts/gecko/ipc/chromium/src/chrome/common/ipc_channel_win.cc, line 545
1603477755894	Marionette	INFO	Stopped listening on port 54745

###!!! [Child][RunMessage] Error: Channel closing: too late to send/recv, messages will be lost


###!!! [Child][MessageChannel::SendAndWait] Error: Channel error: cannot send/recv

1603478020405	geckodriver	INFO	Listening on 127.0.0.1:54845
1603478023414	mozrunner::runner	INFO	Running command: "C:\\Program Files\\Mozilla Firefox\\firefox.exe" "--marionette" "-foreground" "-no-remote" "-profile" "C:\\Users\\Majster\\AppData\\Local\\Temp\\rust_mozprofileMmRc1b"
Can't find symbol 'eglSwapBuffersWithDamageEXT'.
JavaScript error: resource://gre/modules/XULStore.jsm, line 66: Error: Can't find profile directory.
console.warn: SearchSettings: "get: No settings file exists, new profile?" (new Error("", "(unknown module)"))
1603478028786	Marionette	INFO	Listening on port 54853
1603478029307	Marionette	WARN	TLS certificate errors will be ignored for this session
1603478035752	Marionette	INFO	Stopped listening on port 54853

###!!! [Child][RunMessage] Error: Channel closing: too late to send/recv, messages will be lost


###!!! [Child][MessageChannel::SendAndWait] Error: Channel error: cannot send/recv

1603478325659	geckodriver	INFO	Listening on 127.0.0.1:54990
1603478328698	mozrunner::runner	INFO	Running command: "C:\\Program Files\\Mozilla Firefox\\firefox.exe" "--marionette" "-foreground" "-no-remote" "-profile" "C:\\Users\\Majster\\AppData\\Local\\Temp\\rust_mozprofileG6eBRG"
Can't find symbol 'eglSwapBuffersWithDamageEXT'.
JavaScript error: resource://gre/modules/XULStore.jsm, line 66: Error: Can't find profile directory.
console.warn: SearchSettings: "get: No settings file exists, new profile?" (new Error("", "(unknown module)"))
1603478334203	Marionette	INFO	Listening on port 54998
1603478334589	Marionette	WARN	TLS certificate errors will be ignored for this session
console.warn: LoginRecipes: "getRecipes: falling back to a synchronous message for:" "https://www.nocowanie.pl"

###!!! [Child][RunMessage] Error: Channel closing: too late to send/recv, messages will be lost

1603478509925	Marionette	INFO	Stopped listening on port 54998

###!!! [Child][RunMessage] Error: Channel closing: too late to send/recv, messages will be lost


###!!! [Child][MessageChannel::SendAndWait] Error: Channel error: cannot send/recv

1603478513158	geckodriver	INFO	Listening on 127.0.0.1:55093
1603478516223	mozrunner::runner	INFO	Running command: "C:\\Program Files\\Mozilla Firefox\\firefox.exe" "--marionette" "-foreground" "-no-remote" "-profile" "C:\\Users\\Majster\\AppData\\Local\\Temp\\rust_mozprofile7f0v41"
Can't find symbol 'eglSwapBuffersWithDamageEXT'.
JavaScript error: resource://gre/modules/XULStore.jsm, line 66: Error: Can't find profile directory.
console.warn: SearchSettings: "get: No settings file exists, new profile?" (new Error("", "(unknown module)"))
1603478522002	Marionette	INFO	Listening on port 55101
1603478522065	Marionette	WARN	TLS certificate errors will be ignored for this session
1603478544231	Marionette	INFO	Stopped listening on port 55101

###!!! [Child][RunMessage] Error: Channel closing: too late to send/recv, messages will be lost


###!!! [Child][MessageChannel::SendAndWait] Error: Channel error: cannot send/recv

